test_add_column_not_null_with_default
test_add_index
test_add_index_attribute_length_limit
test_add_index_works_with_long_index_names
test_belongs_to_with_primary_key_joins_on_correct_column
test_binary_data_is_not_logged
test_binary_in_fixtures
test_cache_does_not_wrap_string_results_in_arrays
test_cache_gets_cleared_after_migration
test_caching_of_columns
test_change_column_quotes_column_names
test_column_names_are_escaped
test_condition_local_time_interpolation_with_default_timezone_utc[31m
test_connection_pool_per_pid
test_count_with_finder_sql
test_count_with_include
test_create_join_table_with_index
test_creates_index
test_creates_index_for_existing_table
test_creates_index_with_options
test_creates_named_index
test_creates_polymorphic_index
test_creates_polymorphic_index
test_creates_polymorphic_index_for_existing_table
test_creates_reference_id_index
test_creates_reference_type_column_with_default
test_create_without_prepared_statement
test_deletes_polymorphic_index
test_deletes_reference_id_column
test_deletes_reference_id_index
test_deletes_reference_type_column
test_disable_referential_integrity
test_does_not_delete_reference_type_column
test_double_add_index
test_drop_index_by_name
test_drop_index_from_table_named_values
test_eager_no_extra_singularization_belongs_to
test_eager_no_extra_singularization_has_and_belongs_to_many
test_eager_no_extra_singularization_has_many
test_eager_no_extra_singularization_has_many_through_belongs_to[31mERROR[0m
test_eager_no_extra_singularization_has_many_through_has_many
test_eager_no_extra_singularization_has_one
test_eager_with_has_many_through_join_model_with_conditions_on_top_level[31m
test_hash_condition_local_time_interpolation_with_default_timezone_utc[31m
test_has_many_association_through_a_has_many_association_to_self[31m
test_include_has_many_using_primary_key
test_index_exists
test_index_exists_on_multiple_columns
test_index_symbol_names
test_insert_should_return_the_inserted_id
test_internal_index_with_name_matching_database_limit
test_keeping_default_and_notnull_constaint_on_change
test_limit_is_kept
test_limit_with_comma
test_limit_with_offset_is_kept
test_load_save
test_migrate_revert_add_index_with_name
test_mixed_encoding
test_named_index_exists
test_native_decimal_insert_manual_vs_automatic
test_native_types
test_offset_is_kept
test_preserving_time_objects_with_local_time_conversion_to_default_timezone_utc[31m
test_preserving_time_objects_with_time_with_zone_conversion_to_default_timezone_utc[31m
test_read_attribute_raises_missing_attribute_error_when_not_exists[31m
test_remove_belongs_to_alias
test_remove_column_with_index
test_remove_column_with_multi_column_index
test_rename_column_with_an_index
test_rename_column_with_multi_column_index
test_rename_index
test_rename_nonexistent_column
test_rename_table
test_rename_table_does_not_rename_custom_named_index
test_rename_table_with_an_index
test_rename_table_with_prefix_and_suffix
test_respect_internal_encoding
test_saves_both_date_and_time
test_schema_dump_includes_limit_constraint_for_integer_columns
test_schema_dump_keeps_large_precision_integer_columns_as_decimal[31m
test_should_be_possible_to_destroy_a_record
test_should_return_decimal_average_of_integer_field
test_should_save_new_record_that_has_same_value_as_existing_record_marked_for_destruction_on_field_that_has_unique_index[31mERROR[0m
test_should_skip_validation_on_has_many_if_destroyed
test_should_skip_validation_on_has_many_if_marked_for_destruction[31mERROR[0m
test_take_and_first_and_last_with_integer_should_use_sql_limit
test_typecast_attribute_from_select_to_false
test_typecast_attribute_from_select_to_true
test_unique_index_exists
test_update_all_doesnt_ignore_order
test_update_all_with_joins_and_limit
test_update_all_with_joins_and_limit_and_order
test_update_all_with_non_standard_table_name
test_validate_uniqueness_with_limit_and_utf8
test_when_new_record_a_child_marked_for_destruction_should_not_affect_other_records_from_saving[31mERROR[0m
